<?xml version="1.0" encoding="UTF-8"?>
<!-- Generated by org.testng.reporters.JUnitReportReporter -->
<testsuite hostname="NGBLR-01138" failures="0" tests="1" name="Test.Demo.A07_SerializeMaps" time="4.748" errors="0" timestamp="2022-04-20T22:59:16 IST" skipped="0">
  <testcase classname="Test.Demo.A07_SerializeMaps" name="demoSerialize" time="4.748"/>
  <system-out/>
</testsuite> <!-- Test.Demo.A07_SerializeMaps -->
