<?xml version="1.0" encoding="UTF-8"?>
<!-- Generated by org.testng.reporters.JUnitReportReporter -->
<testsuite hostname="NGBLR-01138" failures="0" tests="6" name="just.Demo.FourthDynamicJson" time="7.174" errors="0" timestamp="2022-04-14T17:16:13 IST" skipped="0">
  <testcase classname="just.Demo.FourthDynamicJson" name="book" time="0.741"/>
  <system-out/>
  <testcase classname="just.Demo.FourthDynamicJson" name="book" time="0.531"/>
  <system-out/>
  <testcase classname="just.Demo.FourthDynamicJson" name="book" time="3.948"/>
  <system-out/>
  <testcase classname="just.Demo.FourthDynamicJson" name="book" time="0.677"/>
  <system-out/>
  <testcase classname="just.Demo.FourthDynamicJson" name="book" time="0.650"/>
  <system-out/>
  <testcase classname="just.Demo.FourthDynamicJson" name="book" time="0.627"/>
  <system-out/>
</testsuite> <!-- just.Demo.FourthDynamicJson -->
