<?xml version="1.0" encoding="UTF-8"?>
<!-- Generated by org.testng.reporters.JUnitReportReporter -->
<testsuite hostname="NGBLR-01138" failures="0" tests="1" name="just.Demo.SecondPostPutGetMethods" time="13.331" errors="0" timestamp="2022-04-12T22:57:30 IST" skipped="0">
  <testcase classname="just.Demo.SecondPostPutGetMethods" name="endToEndFlow" time="13.331"/>
  <system-out/>
</testsuite> <!-- just.Demo.SecondPostPutGetMethods -->
