<?xml version="1.0" encoding="UTF-8"?>
<!-- Generated by org.testng.reporters.JUnitReportReporter -->
<testsuite hostname="NGBLR-01138" failures="0" tests="1" name="just.Demo.A05JiraApiAutomation" time="17.856" errors="0" timestamp="2022-04-18T22:59:32 IST" skipped="0">
  <testcase classname="just.Demo.A05JiraApiAutomation" name="jiraDemo" time="17.856"/>
  <system-out/>
</testsuite> <!-- just.Demo.A05JiraApiAutomation -->
