<?xml version="1.0" encoding="UTF-8"?>
<!-- Generated by org.testng.reporters.JUnitReportReporter -->
<testsuite hostname="NGBLR-01138" failures="0" tests="1" name="just.Demo.FirstRestProg" time="6.994" errors="0" timestamp="2022-04-12T17:01:36 IST" skipped="0">
  <testcase classname="just.Demo.FirstRestProg" name="firstProg" time="6.994"/>
  <system-out/>
</testsuite> <!-- just.Demo.FirstRestProg -->
