<?xml version="1.0" encoding="UTF-8"?>
<!-- Generated by org.testng.reporters.JUnitReportReporter -->
<testsuite hostname="NGBLR-01138" failures="0" tests="1" name="just.Demo.ThirdComplexJSONParse" time="4.744" errors="0" timestamp="2022-04-13T21:50:00 IST" skipped="0">
  <testcase classname="just.Demo.ThirdComplexJSONParse" name="coursePrice" time="4.744"/>
  <system-out/>
</testsuite> <!-- just.Demo.ThirdComplexJSONParse -->
