<?xml version="1.0" encoding="UTF-8"?>
<!-- Generated by org.testng.reporters.JUnitReportReporter -->
<testsuite hostname="NGBLR-01138" failures="0" tests="1" name="Test.Demo.A05_JiraApiAutomation" time="7.996" errors="0" timestamp="2022-04-20T17:43:53 IST" skipped="0">
  <testcase classname="Test.Demo.A05_JiraApiAutomation" name="jiraDemo" time="7.996"/>
  <system-out/>
</testsuite> <!-- Test.Demo.A05_JiraApiAutomation -->
