<?xml version="1.0" encoding="UTF-8"?>
<!-- Generated by org.testng.reporters.JUnitReportReporter -->
<testsuite hostname="NGBLR-01138" failures="0" tests="1" name="just.Demo.TestNGProg" time="5.162" errors="0" timestamp="2022-05-15T09:43:51 IST" skipped="0">
  <testcase classname="just.Demo.TestNGProg" name="start" time="5.162"/>
  <system-out/>
</testsuite> <!-- just.Demo.TestNGProg -->
