<?xml version="1.0" encoding="UTF-8"?>
<!-- Generated by org.testng.reporters.JUnitReportReporter -->
<testsuite hostname="NGBLR-01138" failures="0" tests="1" name="Test.Demo.A08_Req_Res_SpecBuilder" time="4.631" errors="0" timestamp="2022-04-23T10:05:21 IST" skipped="0">
  <testcase classname="Test.Demo.A08_Req_Res_SpecBuilder" name="demoSecificationBuilder" time="4.631"/>
  <system-out/>
</testsuite> <!-- Test.Demo.A08_Req_Res_SpecBuilder -->
