<?xml version="1.0" encoding="UTF-8"?>
<!-- Generated by org.testng.reporters.JUnitReportReporter -->
<testsuite hostname="NGBLR-01138" failures="0" tests="1" name="just.Demo.A06OAuth2Authentication" time="26.641" errors="0" timestamp="2022-04-20T17:22:16 IST" skipped="0">
  <testcase classname="just.Demo.A06OAuth2Authentication" name="oAuthDemo" time="26.641"/>
  <system-out/>
</testsuite> <!-- just.Demo.A06OAuth2Authentication -->
